This is pdfTeX, Version 3.1415926-1.40.10 (TeX Live 2009/Debian) (format=pdflatex 2014.3.16)  19 APR 2014 22:41
entering extended mode
 %&-line parsing enabled.
**band1.tex
(./band1.tex
LaTeX2e <2009/09/24>
Babel <v3.8l> and hyphenation patterns for english, usenglishmax, dumylang, noh
yphenation, farsi, arabic, croatian, bulgarian, ukrainian, russian, czech, slov
ak, danish, dutch, finnish, french, basque, ngerman, german, german-x-2009-06-1
9, ngerman-x-2009-06-19, ibycus, monogreek, greek, ancientgreek, hungarian, san
skrit, italian, latin, latvian, lithuanian, mongolian2a, mongolian, bokmal, nyn
orsk, romanian, irish, coptic, serbian, turkish, welsh, esperanto, uppersorbian
, estonian, indonesian, interlingua, icelandic, kurmanji, slovenian, polish, po
rtuguese, spanish, galician, catalan, swedish, ukenglish, pinyin, loaded.
(/usr/share/texmf-texlive/tex/latex/base/article.cls
Document Class: article 2007/10/19 v1.4h Standard LaTeX document class
(/usr/share/texmf-texlive/tex/latex/base/size10.clo
File: size10.clo 2007/10/19 v1.4h Standard LaTeX file (size option)
)
\c@part=\count79
\c@section=\count80
\c@subsection=\count81
\c@subsubsection=\count82
\c@paragraph=\count83
\c@subparagraph=\count84
\c@figure=\count85
\c@table=\count86
\abovecaptionskip=\skip41
\belowcaptionskip=\skip42
\bibindent=\dimen102
)
(/usr/share/texmf-texlive/tex/latex/geometry/geometry.sty
Package: geometry 2008/12/21 v4.2 Page Geometry

(/usr/share/texmf-texlive/tex/latex/graphics/keyval.sty
Package: keyval 1999/03/16 v1.13 key=value parser (DPC)
\KV@toks@=\toks14
)
(/usr/share/texmf-texlive/tex/generic/oberdiek/ifpdf.sty
Package: ifpdf 2009/04/10 v2.0 Provides the ifpdf switch (HO)
Package ifpdf Info: pdfTeX in pdf mode detected.
)
(/usr/share/texmf-texlive/tex/generic/oberdiek/ifvtex.sty
Package: ifvtex 2008/11/04 v1.4 Switches for detecting VTeX and its modes (HO)
Package ifvtex Info: VTeX not detected.
)
\Gm@cnth=\count87
\Gm@cntv=\count88
\c@Gm@tempcnt=\count89
\Gm@bindingoffset=\dimen103
\Gm@wd@mp=\dimen104
\Gm@odd@mp=\dimen105
\Gm@even@mp=\dimen106
\Gm@dimlist=\toks15

(/usr/share/texmf-texlive/tex/xelatex/xetexconfig/geometry.cfg))
(/usr/share/texmf-texlive/tex/latex/graphics/graphicx.sty
Package: graphicx 1999/02/16 v1.0f Enhanced LaTeX Graphics (DPC,SPQR)

(/usr/share/texmf-texlive/tex/latex/graphics/graphics.sty
Package: graphics 2009/02/05 v1.0o Standard LaTeX Graphics (DPC,SPQR)

(/usr/share/texmf-texlive/tex/latex/graphics/trig.sty
Package: trig 1999/03/16 v1.09 sin cos tan (DPC)
)
(/etc/texmf/tex/latex/config/graphics.cfg
File: graphics.cfg 2009/08/28 v1.8 graphics configuration of TeX Live
)
Package graphics Info: Driver file: pdftex.def on input line 91.

(/usr/share/texmf-texlive/tex/latex/pdftex-def/pdftex.def
File: pdftex.def 2010/03/12 v0.04p Graphics/color for pdfTeX
\Gread@gobject=\count90
))
\Gin@req@height=\dimen107
\Gin@req@width=\dimen108
)
(/usr/share/texmf-texlive/tex/latex/tools/verbatim.sty
Package: verbatim 2003/08/22 v1.5q LaTeX2e package for verbatim enhancements
\every@verbatim=\toks16
\verbatim@line=\toks17
\verbatim@in@stream=\read1
)
(/usr/share/texmf-texlive/tex/latex/oberdiek/bookmark.sty
Package: bookmark 2009/08/13 v1.5 PDF bookmarks (HO)

(/usr/share/texmf-texlive/tex/generic/oberdiek/pdfescape.sty
Package: pdfescape 2007/11/11 v1.8 Provides hex, PDF name and string conversion
s (HO)

(/usr/share/texmf-texlive/tex/generic/oberdiek/pdftexcmds.sty
Package: pdftexcmds 2009/09/23 v0.6 LuaTeX support for pdfTeX utility functions
 (HO)

(/usr/share/texmf-texlive/tex/generic/oberdiek/infwarerr.sty
Package: infwarerr 2007/09/09 v1.2 Providing info/warning/message (HO)
)
(/usr/share/texmf-texlive/tex/generic/oberdiek/ifluatex.sty
Package: ifluatex 2009/04/17 v1.2 Provides the ifluatex switch (HO)
Package ifluatex Info: LuaTeX not detected.
)
(/usr/share/texmf-texlive/tex/generic/oberdiek/ltxcmds.sty
Package: ltxcmds 2009/08/05 v1.0 Some LaTeX kernel commands for general use (HO
)
)
Package pdftexcmds Info: LuaTeX not detected.
Package pdftexcmds Info: \pdf@primitive is available.
Package pdftexcmds Info: \pdf@ifprimitive is available.
))
(/usr/share/texmf-texlive/tex/generic/ifxetex/ifxetex.sty
Package: ifxetex 2009/01/23 v0.5 Provides ifxetex conditional
)
(/usr/share/texmf-texlive/tex/latex/hyperref/hyperref.sty
Package: hyperref 2009/10/09 v6.79a Hypertext links for LaTeX

(/usr/share/texmf-texlive/tex/latex/oberdiek/hycolor.sty
Package: hycolor 2009/10/02 v1.5 Code for color options of hyperref/bookmark (H
O)

(/usr/share/texmf-texlive/tex/latex/oberdiek/xcolor-patch.sty
Package: xcolor-patch 2009/10/02 xcolor patch
))
\@linkdim=\dimen109
\Hy@linkcounter=\count91
\Hy@pagecounter=\count92

(/usr/share/texmf-texlive/tex/latex/hyperref/pd1enc.def
File: pd1enc.def 2009/10/09 v6.79a Hyperref: PDFDocEncoding definition (HO)
)
(/usr/share/texmf-texlive/tex/generic/oberdiek/etexcmds.sty
Package: etexcmds 2007/12/12 v1.2 Prefix for e-TeX command names (HO)
Package etexcmds Info: Could not find \expanded.
(etexcmds)             That can mean that you are not using pdfTeX 1.50 or
(etexcmds)             that some package has redefined \expanded.
(etexcmds)             In the latter case, load this package earlier.
)
(/usr/share/texmf-texlive/tex/latex/latexconfig/hyperref.cfg
File: hyperref.cfg 2002/06/06 v1.2 hyperref configuration of TeXLive
)
(/usr/share/texmf-texlive/tex/latex/oberdiek/kvoptions.sty
Package: kvoptions 2009/08/13 v3.4 Keyval support for LaTeX options (HO)

(/usr/share/texmf-texlive/tex/generic/oberdiek/kvsetkeys.sty
Package: kvsetkeys 2009/07/30 v1.5 Key value parser with default handler suppor
t (HO)
))
Package hyperref Info: Hyper figures OFF on input line 2975.
Package hyperref Info: Link nesting OFF on input line 2980.
Package hyperref Info: Hyper index ON on input line 2983.
Package hyperref Info: Plain pages OFF on input line 2990.
Package hyperref Info: Backreferencing OFF on input line 2995.

Implicit mode ON; LaTeX internals redefined
Package hyperref Info: Bookmarks ON on input line 3191.
(/usr/share/texmf-texlive/tex/latex/ltxmisc/url.sty
\Urlmuskip=\muskip10
Package: url 2006/04/12  ver 3.3  Verb mode for urls, etc.
)
LaTeX Info: Redefining \url on input line 3428.

(/usr/share/texmf-texlive/tex/generic/oberdiek/bitset.sty
Package: bitset 2007/09/28 v1.0 Data type bit set (HO)

(/usr/share/texmf-texlive/tex/generic/oberdiek/intcalc.sty
Package: intcalc 2007/09/27 v1.1 Expandable integer calculations (HO)
)
(/usr/share/texmf-texlive/tex/generic/oberdiek/bigintcalc.sty
Package: bigintcalc 2007/11/11 v1.1 Expandable big integer calculations (HO)
))
\Fld@menulength=\count93
\Field@Width=\dimen110
\Fld@charsize=\dimen111
\Field@toks=\toks18
Package hyperref Info: Hyper figures OFF on input line 4377.
Package hyperref Info: Link nesting OFF on input line 4382.
Package hyperref Info: Hyper index ON on input line 4385.
Package hyperref Info: backreferencing OFF on input line 4392.
Package hyperref Info: Link coloring OFF on input line 4397.
Package hyperref Info: Link coloring with OCG OFF on input line 4402.
Package hyperref Info: PDF/A mode OFF on input line 4407.

(/usr/share/texmf-texlive/tex/generic/oberdiek/atbegshi.sty
Package: atbegshi 2008/07/31 v1.9 At begin shipout hook (HO)
)
\Hy@abspage=\count94
\c@Item=\count95
\c@Hfootnote=\count96
)
*hyperref using default driver hpdftex*
(/usr/share/texmf-texlive/tex/latex/hyperref/hpdftex.def
File: hpdftex.def 2009/10/09 v6.79a Hyperref driver for pdfTeX
\Fld@listcount=\count97
)
(/usr/share/texmf-texlive/tex/latex/oberdiek/auxhook.sty
Package: auxhook 2007/04/06 v1.1 Hooks for auxiliary files (HO)
)
(/usr/share/texmf-texlive/tex/latex/oberdiek/bkm-pdftex.def
File: bkm-pdftex.def 2009/08/13 v1.5 bookmark driver for pdfTeX (HO)
\BKM@id=\count98
))
(/usr/share/texmf-texlive/tex/latex/jknapltx/mathrsfs.sty
Package: mathrsfs 1996/01/01 Math RSFS package v1.0 (jk)
\symrsfs=\mathgroup4
)
(/usr/share/texmf-texlive/tex/latex/amsfonts/amssymb.sty
Package: amssymb 2009/06/22 v3.00

(/usr/share/texmf-texlive/tex/latex/amsfonts/amsfonts.sty
Package: amsfonts 2009/06/22 v3.00 Basic AMSFonts support
\@emptytoks=\toks19
\symAMSa=\mathgroup5
\symAMSb=\mathgroup6
LaTeX Font Info:    Overwriting math alphabet `\mathfrak' in version `bold'
(Font)                  U/euf/m/n --> U/euf/b/n on input line 96.
))
(/usr/share/texmf-texlive/tex/latex/amsmath/amsmath.sty
Package: amsmath 2000/07/18 v2.13 AMS math features
\@mathmargin=\skip43

For additional information on amsmath, use the `?' option.
(/usr/share/texmf-texlive/tex/latex/amsmath/amstext.sty
Package: amstext 2000/06/29 v2.01

(/usr/share/texmf-texlive/tex/latex/amsmath/amsgen.sty
File: amsgen.sty 1999/11/30 v2.0
\@emptytoks=\toks20
\ex@=\dimen112
))
(/usr/share/texmf-texlive/tex/latex/amsmath/amsbsy.sty
Package: amsbsy 1999/11/29 v1.2d
\pmbraise@=\dimen113
)
(/usr/share/texmf-texlive/tex/latex/amsmath/amsopn.sty
Package: amsopn 1999/12/14 v2.01 operator names
)
\inf@bad=\count99
LaTeX Info: Redefining \frac on input line 211.
\uproot@=\count100
\leftroot@=\count101
LaTeX Info: Redefining \overline on input line 307.
\classnum@=\count102
\DOTSCASE@=\count103
LaTeX Info: Redefining \ldots on input line 379.
LaTeX Info: Redefining \dots on input line 382.
LaTeX Info: Redefining \cdots on input line 467.
\Mathstrutbox@=\box26
\strutbox@=\box27
\big@size=\dimen114
LaTeX Font Info:    Redeclaring font encoding OML on input line 567.
LaTeX Font Info:    Redeclaring font encoding OMS on input line 568.
\macc@depth=\count104
\c@MaxMatrixCols=\count105
\dotsspace@=\muskip11
\c@parentequation=\count106
\dspbrk@lvl=\count107
\tag@help=\toks21
\row@=\count108
\column@=\count109
\maxfields@=\count110
\andhelp@=\toks22
\eqnshift@=\dimen115
\alignsep@=\dimen116
\tagshift@=\dimen117
\tagwidth@=\dimen118
\totwidth@=\dimen119
\lineht@=\dimen120
\@envbody=\toks23
\multlinegap=\skip44
\multlinetaggap=\skip45
\mathdisplay@stack=\toks24
LaTeX Info: Redefining \[ on input line 2666.
LaTeX Info: Redefining \] on input line 2667.
)
(/usr/share/texmf-texlive/tex/latex/tools/bm.sty
Package: bm 2004/02/26 v1.1c Bold Symbol Support (DPC/FMi)
\symboldoperators=\mathgroup7
\symboldletters=\mathgroup8
\symboldsymbols=\mathgroup9
LaTeX Font Info:    Redeclaring math alphabet \mathbf on input line 138.
LaTeX Info: Redefining \bm on input line 204.
)
(/usr/share/texmf-texlive/tex/latex/graphics/color.sty
Package: color 2005/11/14 v1.0j Standard LaTeX Color (DPC)

(/etc/texmf/tex/latex/config/color.cfg
File: color.cfg 2007/01/18 v1.5 color configuration of teTeX/TeXLive
)
Package color Info: Driver file: pdftex.def on input line 130.
)
(/usr/share/texmf/tex/latex/xcolor/xcolor.sty
Package: xcolor 2007/01/21 v2.11 LaTeX color extensions (UK)

(/etc/texmf/tex/latex/config/color.cfg
File: color.cfg 2007/01/18 v1.5 color configuration of teTeX/TeXLive
)
Package xcolor Info: Driver file: pdftex.def on input line 225.

(/usr/share/texmf-texlive/tex/latex/colortbl/colortbl.sty
Package: colortbl 2001/02/13 v0.1j Color table columns (DPC)

(/usr/share/texmf-texlive/tex/latex/tools/array.sty
Package: array 2008/09/09 v2.4c Tabular extension package (FMi)
\col@sep=\dimen121
\extrarowheight=\dimen122
\NC@list=\toks25
\extratabsurround=\skip46
\backup@length=\skip47
)
\everycr=\toks26
\minrowclearance=\skip48
)
LaTeX Info: Redefining \color on input line 702.
\rownum=\count111
Package xcolor Info: Model `cmy' substituted by `cmy0' on input line 1337.
Package xcolor Info: Model `hsb' substituted by `rgb' on input line 1341.
Package xcolor Info: Model `RGB' extended on input line 1353.
Package xcolor Info: Model `HTML' substituted by `rgb' on input line 1355.
Package xcolor Info: Model `Hsb' substituted by `hsb' on input line 1356.
Package xcolor Info: Model `tHsb' substituted by `hsb' on input line 1357.
Package xcolor Info: Model `HSB' substituted by `hsb' on input line 1358.
Package xcolor Info: Model `Gray' substituted by `gray' on input line 1359.
Package xcolor Info: Model `wave' substituted by `hsb' on input line 1360.
)
(/usr/share/texmf-texlive/tex/latex/multirow/multirow.sty
\bigstrutjot=\dimen123
)
(/usr/share/texmf-texlive/tex/latex/caption/caption.sty
Package: caption 2009/10/09 v3.1k Customizing captions (AR)

(/usr/share/texmf-texlive/tex/latex/caption/caption3.sty
Package: caption3 2009/10/09 v3.1k caption3 kernel (AR)
\captionmargin=\dimen124
\captionmargin@=\dimen125
\captionwidth=\dimen126
\caption@indent=\dimen127
\caption@parindent=\dimen128
\caption@hangindent=\dimen129
)
\c@ContinuedFloat=\count112
Package caption Info: hyperref package is loaded.
)
(/usr/share/texmf-texlive/tex/latex/subfig/subfig.sty
Package: subfig 2005/06/28 ver: 1.3 subfig package
\c@KVtest=\count113
\sf@farskip=\skip49
\sf@captopadj=\dimen130
\sf@capskip=\skip50
\sf@nearskip=\skip51
\c@subfigure=\count114
\c@subfigure@save=\count115
\c@lofdepth=\count116
\c@subtable=\count117
\c@subtable@save=\count118
\c@lotdepth=\count119
\sf@top=\skip52
\sf@bottom=\skip53
)
(/usr/share/texmf-texlive/tex/latex/tools/afterpage.sty
Package: afterpage 1995/10/27 v1.08 After-Page Package (DPC)
\AP@output=\toks27
\AP@partial=\box28
\AP@footins=\box29
)
(/usr/share/texmf-texlive/tex/latex/floatrow/floatrow.sty
Package: floatrow 2008/08/02 v0.3b floatrow: float package extension
\c@float@type=\count120
\float@exts=\toks28
\float@box=\box30
\@floatcapt=\box31
Package floatrow Info: Modified float package code loaded on input line 455.
Package floatrow Info: Modified rotfloat package code loaded on input line 473.

\FR@everyfloat=\toks29
\flrow@foot=\insert233
\FB@wd=\dimen131
\FBo@wd=\dimen132
\FBc@wd=\dimen133
\FBo@ht=\skip54
\FBc@ht=\skip55
\FBf@ht=\skip56
\FBo@max=\skip57
\FBc@max=\skip58
\FBf@max=\skip59
\c@FBl@b=\count121
\floatbox@depth=\count122
\c@FRobj=\count123
\c@FRsobj=\count124
\Xhsize=\skip60
\sXhsize=\skip61
\Zhsize=\skip62
\sZhsize=\skip63
\flrow@rowbox=\box32
\FR@Zunitlength=\dimen134
\c@FBcnt=\count125
\FPOScnt=\count126
\LTleft=\skip64
\LTright=\skip65
\LTleft=\skip66
\LTright=\skip67
\flrow@types=\toks30
)

LaTeX Warning: Unused global option(s):
    [sfheadings,times,9pt,floats,floatfix].

(./band1.aux)
\openout1 = `band1.aux'.

LaTeX Font Info:    Checking defaults for OML/cmm/m/it on input line 31.
LaTeX Font Info:    ... okay on input line 31.
LaTeX Font Info:    Checking defaults for T1/cmr/m/n on input line 31.
LaTeX Font Info:    ... okay on input line 31.
LaTeX Font Info:    Checking defaults for OT1/cmr/m/n on input line 31.
LaTeX Font Info:    ... okay on input line 31.
LaTeX Font Info:    Checking defaults for OMS/cmsy/m/n on input line 31.
LaTeX Font Info:    ... okay on input line 31.
LaTeX Font Info:    Checking defaults for OMX/cmex/m/n on input line 31.
LaTeX Font Info:    ... okay on input line 31.
LaTeX Font Info:    Checking defaults for U/cmr/m/n on input line 31.
LaTeX Font Info:    ... okay on input line 31.
LaTeX Font Info:    Checking defaults for PD1/pdf/m/n on input line 31.
LaTeX Font Info:    ... okay on input line 31.

*geometry auto-detecting driver*
*geometry detected driver: pdftex*
-------------------- Geometry parameters
paper: a4paper
landscape: --
twocolumn: --
twoside: --
asymmetric: --
h-parts: 54.2025pt, 489.10287pt, 54.2025pt
v-parts: 54.2025pt, 736.64185pt, 54.2025pt
hmarginratio: --
vmarginratio: --
lines: --
heightrounded: --
bindingoffset: 0.0pt
truedimen: --
includehead: --
includefoot: --
includemp: --
driver: pdftex
-------------------- Page layout dimensions and switches
\paperwidth  597.50787pt
\paperheight 845.04684pt
\textwidth  489.10287pt
\textheight 736.64185pt
\oddsidemargin  -18.06749pt
\evensidemargin -18.06749pt
\topmargin  -55.06749pt
\headheight 12.0pt
\headsep    25.0pt
\footskip   30.0pt
\marginparwidth 57.0pt
\marginparsep   11.0pt
\columnsep  10.0pt
\skip\footins  9.0pt plus 4.0pt minus 2.0pt
\hoffset 0.0pt
\voffset 36.135pt
\mag 1000

(1in=72.27pt, 1cm=28.45pt)
-----------------------
(/usr/share/texmf-texlive/tex/context/base/supp-pdf.mkii
[Loading MPS to PDF converter (version 2006.09.02).]
\scratchcounter=\count127
\scratchdimen=\dimen135
\scratchbox=\box33
\nofMPsegments=\count128
\nofMParguments=\count129
\everyMPshowfont=\toks31
\MPscratchCnt=\count130
\MPscratchDim=\dimen136
\MPnumerator=\count131
\everyMPtoPDFconversion=\toks32
)
Package hyperref Info: Link coloring OFF on input line 31.
 (/usr/share/texmf-texlive/tex/latex/hyperref/nameref.sty
Package: nameref 2007/05/29 v2.31 Cross-referencing by name of section

(/usr/share/texmf-texlive/tex/latex/oberdiek/refcount.sty
Package: refcount 2008/08/11 v3.1 Data extraction from references (HO)
)
\c@section@level=\count132
)
LaTeX Info: Redefining \ref on input line 31.
LaTeX Info: Redefining \pageref on input line 31.
\AtBeginShipoutBox=\box34
Package caption Info: Begin \AtBeginDocument code.
Package caption3 Info: subfig package 1.2 or 1.3 is loaded.
LaTeX Info: Redefining \subref on input line 31.
Package caption Info: float package is loaded.
Package caption Info: floatrow package is loaded.
Package caption Info: End \AtBeginDocument code.

(/usr/share/texmf-texlive/tex/latex/floatrow/fr-subfig.sty
Package: fr-subfig 2007/12/24 v0.1g (beta) floatrow: additions for subfig
\FBsc@max=\skip68
\FBso@max=\skip69
)
LaTeX Font Info:    Try loading font information for U+rsfs on input line 33.

(/usr/share/texmf-texlive/tex/latex/jknapltx/ursfs.fd
File: ursfs.fd 1998/03/24 rsfs font definition file (jk)
)
LaTeX Font Info:    Try loading font information for U+msa on input line 33.

(/usr/share/texmf-texlive/tex/latex/amsfonts/umsa.fd
File: umsa.fd 2009/06/22 v3.00 AMS symbols A
)
LaTeX Font Info:    Try loading font information for U+msb on input line 33.

(/usr/share/texmf-texlive/tex/latex/amsfonts/umsb.fd
File: umsb.fd 2009/06/22 v3.00 AMS symbols B
) [1

{/var/lib/texmf/fonts/map/pdftex/updmap/pdftex.map}]
Underfull \hbox (badness 10000) in paragraph at lines 99--103

 []

LaTeX Font Info:    Try loading font information for OMS+cmr on input line 104.

(/usr/share/texmf-texlive/tex/latex/base/omscmr.fd
File: omscmr.fd 1999/05/25 v2.5h Standard LaTeX font definitions
)
LaTeX Font Info:    Font shape `OMS/cmr/m/n' in size <10> not available
(Font)              Font shape `OMS/cmsy/m/n' tried instead on input line 104.
 [2]
Missing character: There is no ‚ in font cmr10!
Missing character: There is no Ä in font cmr10!
Missing character: There is no ù in font cmr10!
Missing character: There is no ‚ in font cmr10!
Missing character: There is no Ä in font cmr10!
Missing character: There is no ù in font cmr10!
 (./lay-band1.tex
<images/lay_SKA1REF2.png, id=67, 578.16pt x 433.62pt>
File: images/lay_SKA1REF2.png Graphic file (type png)

<use images/lay_SKA1REF2.png>
<images/lay_SKA1W9-12A72B120.png, id=69, 578.16pt x 433.62pt>
File: images/lay_SKA1W9-12A72B120.png Graphic file (type png)

<use images/lay_SKA1W9-12A72B120.png>
<images/lay_SKA1W9-0A72B120.png, id=70, 578.16pt x 433.62pt>
File: images/lay_SKA1W9-0A72B120.png Graphic file (type png)

<use images/lay_SKA1W9-0A72B120.png>
<images/lay_SKASUR.png, id=71, 578.16pt x 433.62pt>
File: images/lay_SKASUR.png Graphic file (type png)

<use images/lay_SKASUR.png>
<images/outer_core_SKA1REF2.png, id=72, 578.16pt x 433.62pt>
File: images/outer_core_SKA1REF2.png Graphic file (type png)

<use images/outer_core_SKA1REF2.png>
<images/outer_core_SKA1W9-12A72B120.png, id=73, 578.16pt x 433.62pt>
File: images/outer_core_SKA1W9-12A72B120.png Graphic file (type png)

<use images/outer_core_SKA1W9-12A72B120.png>
<images/outer_core_SKA1W9-0A72B120.png, id=74, 578.16pt x 433.62pt>
File: images/outer_core_SKA1W9-0A72B120.png Graphic file (type png)

<use images/outer_core_SKA1W9-0A72B120.png>
<images/outer_core_SKASUR.png, id=75, 578.16pt x 433.62pt>
File: images/outer_core_SKASUR.png Graphic file (type png)

<use images/outer_core_SKASUR.png>
<images/core_SKA1REF2.png, id=76, 578.16pt x 433.62pt>
File: images/core_SKA1REF2.png Graphic file (type png)

<use images/core_SKA1REF2.png>
<images/core_SKA1W9-12A72B120.png, id=77, 578.16pt x 433.62pt>
File: images/core_SKA1W9-12A72B120.png Graphic file (type png)

<use images/core_SKA1W9-12A72B120.png>
<images/core_SKA1W9-0A72B120.png, id=78, 578.16pt x 433.62pt>
File: images/core_SKA1W9-0A72B120.png Graphic file (type png)

<use images/core_SKA1W9-0A72B120.png>
<images/core_SKASUR.png, id=79, 578.16pt x 433.62pt>
File: images/core_SKASUR.png Graphic file (type png)

<use images/core_SKASUR.png>) (./hist-band1.tex
<images/hist_SKA1REF2.png, id=80, 578.16pt x 433.62pt>
File: images/hist_SKA1REF2.png Graphic file (type png)

<use images/hist_SKA1REF2.png>
<images/hist_SKA1W9-12A72B120.png, id=81, 578.16pt x 433.62pt>
File: images/hist_SKA1W9-12A72B120.png Graphic file (type png)

<use images/hist_SKA1W9-12A72B120.png>
<images/hist_SKA1W9-0A72B120.png, id=82, 578.16pt x 433.62pt>
File: images/hist_SKA1W9-0A72B120.png Graphic file (type png)

<use images/hist_SKA1W9-0A72B120.png>
<images/hist_SKASUR.png, id=83, 578.16pt x 433.62pt>
File: images/hist_SKASUR.png Graphic file (type png)

<use images/hist_SKASUR.png>) [3] (./core_hist.tex
<images/dish_hist-REF2.png, id=94, 578.16pt x 433.62pt>
File: images/dish_hist-REF2.png Graphic file (type png)

<use images/dish_hist-REF2.png>
<images/dish_hist-W9-12A72B120.png, id=95, 578.16pt x 433.62pt>
File: images/dish_hist-W9-12A72B120.png Graphic file (type png)

<use images/dish_hist-W9-12A72B120.png>) (./core_cumhist.tex
<images/dish_cumhist-REF2.png, id=96, 578.16pt x 433.62pt>
File: images/dish_cumhist-REF2.png Graphic file (type png)

<use images/dish_cumhist-REF2.png>
<images/dish_cumhist-W9-12A72B120.png, id=97, 578.16pt x 433.62pt>
File: images/dish_cumhist-W9-12A72B120.png Graphic file (type png)

<use images/dish_cumhist-W9-12A72B120.png>) (./uvcov-band1.tex
<images/uvcov_SKA1REF2_-10_650.png, id=98, 578.16pt x 433.62pt>
File: images/uvcov_SKA1REF2_-10_650.png Graphic file (type png)

<use images/uvcov_SKA1REF2_-10_650.png>
<images/uvcov_SKA1W9-12A72B120_-10_650.png, id=99, 578.16pt x 433.62pt>
File: images/uvcov_SKA1W9-12A72B120_-10_650.png Graphic file (type png)

<use images/uvcov_SKA1W9-12A72B120_-10_650.png>
<images/uvcov_SKA1W9-0A72B120_-10_650.png, id=100, 578.16pt x 433.62pt>
File: images/uvcov_SKA1W9-0A72B120_-10_650.png Graphic file (type png)

<use images/uvcov_SKA1W9-0A72B120_-10_650.png>
<images/uvcov_SKASUR_-10_650.png, id=101, 578.16pt x 433.62pt>
File: images/uvcov_SKASUR_-10_650.png Graphic file (type png)

<use images/uvcov_SKASUR_-10_650.png>
<images/uvcov_SKA1REF2_-30_650.png, id=102, 578.16pt x 433.62pt>
File: images/uvcov_SKA1REF2_-30_650.png Graphic file (type png)

<use images/uvcov_SKA1REF2_-30_650.png>
<images/uvcov_SKA1W9-12A72B120_-30_650.png, id=103, 578.16pt x 433.62pt>
File: images/uvcov_SKA1W9-12A72B120_-30_650.png Graphic file (type png)

<use images/uvcov_SKA1W9-12A72B120_-30_650.png>
<images/uvcov_SKA1W9-0A72B120_-30_650.png, id=104, 578.16pt x 433.62pt>
File: images/uvcov_SKA1W9-0A72B120_-30_650.png Graphic file (type png)

<use images/uvcov_SKA1W9-0A72B120_-30_650.png>
<images/uvcov_SKASUR_-30_650.png, id=105, 578.16pt x 433.62pt>
File: images/uvcov_SKASUR_-30_650.png Graphic file (type png)

<use images/uvcov_SKASUR_-30_650.png>
<images/uvcov_SKA1REF2_-50_650.png, id=106, 578.16pt x 433.62pt>
File: images/uvcov_SKA1REF2_-50_650.png Graphic file (type png)

<use images/uvcov_SKA1REF2_-50_650.png>
<images/uvcov_SKA1W9-12A72B120_-50_650.png, id=107, 578.16pt x 433.62pt>
File: images/uvcov_SKA1W9-12A72B120_-50_650.png Graphic file (type png)

<use images/uvcov_SKA1W9-12A72B120_-50_650.png>
<images/uvcov_SKA1W9-0A72B120_-50_650.png, id=108, 578.16pt x 433.62pt>
File: images/uvcov_SKA1W9-0A72B120_-50_650.png Graphic file (type png)

<use images/uvcov_SKA1W9-0A72B120_-50_650.png>
<images/uvcov_SKASUR_-50_650.png, id=109, 578.16pt x 433.62pt>
File: images/uvcov_SKASUR_-50_650.png Graphic file (type png)

<use images/uvcov_SKASUR_-50_650.png>) [4 <./images/lay_SKA1REF2.png> <./images
/lay_SKA1W9-12A72B120.png> <./images/lay_SKA1W9-0A72B120.png> <./images/lay_SKA
SUR.png> <./images/outer_core_SKA1REF2.png> <./images/outer_core_SKA1W9-12A72B1
20.png> <./images/outer_core_SKA1W9-0A72B120.png> <./images/outer_core_SKASUR.p
ng> <./images/core_SKA1REF2.png> <./images/core_SKA1W9-12A72B120.png> <./images
/core_SKA1W9-0A72B120.png> <./images/core_SKASUR.png> <./images/hist_SKA1REF2.p
ng> <./images/hist_SKA1W9-12A72B120.png> <./images/hist_SKA1W9-0A72B120.png> <.
/images/hist_SKASUR.png> <./images/dish_hist-REF2.png> <./images/dish_hist-W9-1
2A72B120.png>] [5 <./images/dish_cumhist-REF2.png> <./images/dish_cumhist-W9-12
A72B120.png> <./images/uvcov_SKA1REF2_-10_650.png> <./images/uvcov_SKA1W9-12A72
B120_-10_650.png> <./images/uvcov_SKA1W9-0A72B120_-10_650.png> <./images/uvcov_
SKASUR_-10_650.png> <./images/uvcov_SKA1REF2_-30_650.png> <./images/uvcov_SKA1W
9-12A72B120_-30_650.png> <./images/uvcov_SKA1W9-0A72B120_-30_650.png> <./images
/uvcov_SKASUR_-30_650.png> <./images/uvcov_SKA1REF2_-50_650.png> <./images/uvco
v_SKA1W9-12A72B120_-50_650.png> <./images/uvcov_SKA1W9-0A72B120_-50_650.png> <.
/images/uvcov_SKASUR_-50_650.png>] (./psf_mean-band1.tex) (./psf_sym-band1.tex)
(./noise50k-band1.tex) (./noise50-band1.tex
Overfull \hbox (36.26053pt too wide) in paragraph at lines 11--28
 [][] 
 []


Overfull \hbox (36.26053pt too wide) in paragraph at lines 11--28
 [][] 
 []


Overfull \hbox (36.26053pt too wide) in paragraph at lines 11--28
 [][] 
 []

) (./noise166-band1.tex
Overfull \hbox (5.63504pt too wide) in paragraph at lines 11--28
 [][] 
 []


Overfull \hbox (5.63504pt too wide) in paragraph at lines 11--28
 [][] 
 []


Overfull \hbox (5.63504pt too wide) in paragraph at lines 11--28
 [][] 
 []

) (./snr10-band1.tex) (./snravg-band1.tex) (./hours-band1.tex)
(./speed_avg-band1.tex) [6] [7] [8] [9]
Underfull \hbox (badness 10000) in paragraph at lines 342--343
[][]$\OT1/cmtt/m/n/10 http : / / www . skatelescope . org / wp-[]content / uplo
ads / 2013 / 05 / SKA-[]TEL-[]SKO-[]DD-[]001-[]1 _
 []


Underfull \hbox (badness 10000) in paragraph at lines 343--345
[][]$\OT1/cmtt/m/n/10 https : / / www . skatelescope . org / wp-[]content / upl
oads / 2014 / 03 / SKA-[]TEL _ SCI-[]SKO-[]SRQ-[]001-[]1 _ Level _
 []

[10] (./dec-30_650.tex
<images/SKA1REF2_8h60s_dec-30_650MHz_1ch-natural-psf.fits.png, id=241, 722.7pt 
x 722.7pt>
File: images/SKA1REF2_8h60s_dec-30_650MHz_1ch-natural-psf.fits.png Graphic file
 (type png)
 <use images/SKA1REF2_8h60s_dec-30_650MHz_1ch-natural-psf.fits.png>
<images/SKA1W9-12A72B120_8h60s_dec-30_650MHz_1ch-natural-psf.fits.png, id=242, 
722.7pt x 722.7pt>
File: images/SKA1W9-12A72B120_8h60s_dec-30_650MHz_1ch-natural-psf.fits.png Grap
hic file (type png)

<use images/SKA1W9-12A72B120_8h60s_dec-30_650MHz_1ch-natural-psf.fits.png>
<images/SKA1W9-0A72B120_8h60s_dec-30_650MHz_1ch-natural-psf.fits.png, id=243, 7
22.7pt x 722.7pt>
File: images/SKA1W9-0A72B120_8h60s_dec-30_650MHz_1ch-natural-psf.fits.png Graph
ic file (type png)

<use images/SKA1W9-0A72B120_8h60s_dec-30_650MHz_1ch-natural-psf.fits.png>
<images/SKASUR_8h60s_dec-30_650MHz_1ch-natural-psf.fits.png, id=244, 722.7pt x 
722.7pt>
File: images/SKASUR_8h60s_dec-30_650MHz_1ch-natural-psf.fits.png Graphic file (
type png)
 <use images/SKASUR_8h60s_dec-30_650MHz_1ch-natural-psf.fits.png>
<images/SKA1REF2_8h60s_dec-30_650MHz_1ch-briggs,robust=-2,fov=10-psf.fits.png, 
id=245, 722.7pt x 722.7pt>
File: images/SKA1REF2_8h60s_dec-30_650MHz_1ch-briggs,robust=-2,fov=10-psf.fits.
png Graphic file (type png)

<use images/SKA1REF2_8h60s_dec-30_650MHz_1ch-briggs,robust=-2,fov=10-psf.fits.p
ng>
<images/SKA1W9-12A72B120_8h60s_dec-30_650MHz_1ch-briggs,robust=-2,fov=10-psf.fi
ts.png, id=246, 722.7pt x 722.7pt>
File: images/SKA1W9-12A72B120_8h60s_dec-30_650MHz_1ch-briggs,robust=-2,fov=10-p
sf.fits.png Graphic file (type png)

<use images/SKA1W9-12A72B120_8h60s_dec-30_650MHz_1ch-briggs,robust=-2,fov=10-ps
f.fits.png>
<images/SKA1W9-0A72B120_8h60s_dec-30_650MHz_1ch-briggs,robust=-2,fov=10-psf.fit
s.png, id=247, 722.7pt x 722.7pt>
File: images/SKA1W9-0A72B120_8h60s_dec-30_650MHz_1ch-briggs,robust=-2,fov=10-ps
f.fits.png Graphic file (type png)

<use images/SKA1W9-0A72B120_8h60s_dec-30_650MHz_1ch-briggs,robust=-2,fov=10-psf
.fits.png>
<images/SKASUR_8h60s_dec-30_650MHz_1ch-briggs,robust=-2,fov=10-psf.fits.png, id
=248, 722.7pt x 722.7pt>
File: images/SKASUR_8h60s_dec-30_650MHz_1ch-briggs,robust=-2,fov=10-psf.fits.pn
g Graphic file (type png)

<use images/SKASUR_8h60s_dec-30_650MHz_1ch-briggs,robust=-2,fov=10-psf.fits.png
>
<images/SKA1REF2_8h60s_dec-30_650MHz_1ch-briggs,robust=-2,fov=10,taper=1-psf.fi
ts.png, id=249, 722.7pt x 722.7pt>
File: images/SKA1REF2_8h60s_dec-30_650MHz_1ch-briggs,robust=-2,fov=10,taper=1-p
sf.fits.png Graphic file (type png)

<use images/SKA1REF2_8h60s_dec-30_650MHz_1ch-briggs,robust=-2,fov=10,taper=1-ps
f.fits.png>
<images/SKA1W9-12A72B120_8h60s_dec-30_650MHz_1ch-briggs,robust=-2,fov=10,taper=
1-psf.fits.png, id=250, 722.7pt x 722.7pt>
File: images/SKA1W9-12A72B120_8h60s_dec-30_650MHz_1ch-briggs,robust=-2,fov=10,t
aper=1-psf.fits.png Graphic file (type png)

<use images/SKA1W9-12A72B120_8h60s_dec-30_650MHz_1ch-briggs,robust=-2,fov=10,ta
per=1-psf.fits.png>
<images/SKA1W9-0A72B120_8h60s_dec-30_650MHz_1ch-briggs,robust=-2,fov=10,taper=1
-psf.fits.png, id=251, 722.7pt x 722.7pt>
File: images/SKA1W9-0A72B120_8h60s_dec-30_650MHz_1ch-briggs,robust=-2,fov=10,ta
per=1-psf.fits.png Graphic file (type png)

<use images/SKA1W9-0A72B120_8h60s_dec-30_650MHz_1ch-briggs,robust=-2,fov=10,tap
er=1-psf.fits.png>
<images/SKASUR_8h60s_dec-30_650MHz_1ch-briggs,robust=-2,fov=10,taper=1-psf.fits
.png, id=252, 722.7pt x 722.7pt>
File: images/SKASUR_8h60s_dec-30_650MHz_1ch-briggs,robust=-2,fov=10,taper=1-psf
.fits.png Graphic file (type png)

<use images/SKASUR_8h60s_dec-30_650MHz_1ch-briggs,robust=-2,fov=10,taper=1-psf.
fits.png>) (./dec-30_800.tex
<images/SKA1REF2_8h60s_dec-30_800MHz_1ch-natural-psf.fits.png, id=253, 722.7pt 
x 722.7pt>
File: images/SKA1REF2_8h60s_dec-30_800MHz_1ch-natural-psf.fits.png Graphic file
 (type png)
 <use images/SKA1REF2_8h60s_dec-30_800MHz_1ch-natural-psf.fits.png>
<images/SKA1W9-12A72B120_8h60s_dec-30_800MHz_1ch-natural-psf.fits.png, id=254, 
722.7pt x 722.7pt>
File: images/SKA1W9-12A72B120_8h60s_dec-30_800MHz_1ch-natural-psf.fits.png Grap
hic file (type png)

<use images/SKA1W9-12A72B120_8h60s_dec-30_800MHz_1ch-natural-psf.fits.png>
<images/SKA1W9-0A72B120_8h60s_dec-30_800MHz_1ch-natural-psf.fits.png, id=255, 7
22.7pt x 722.7pt>
File: images/SKA1W9-0A72B120_8h60s_dec-30_800MHz_1ch-natural-psf.fits.png Graph
ic file (type png)

<use images/SKA1W9-0A72B120_8h60s_dec-30_800MHz_1ch-natural-psf.fits.png>
<images/SKASUR_8h60s_dec-30_800MHz_1ch-natural-psf.fits.png, id=256, 722.7pt x 
722.7pt>
File: images/SKASUR_8h60s_dec-30_800MHz_1ch-natural-psf.fits.png Graphic file (
type png)
 <use images/SKASUR_8h60s_dec-30_800MHz_1ch-natural-psf.fits.png>
<images/SKA1REF2_8h60s_dec-30_800MHz_1ch-briggs,robust=-2,fov=10-psf.fits.png, 
id=257, 722.7pt x 722.7pt>
File: images/SKA1REF2_8h60s_dec-30_800MHz_1ch-briggs,robust=-2,fov=10-psf.fits.
png Graphic file (type png)

<use images/SKA1REF2_8h60s_dec-30_800MHz_1ch-briggs,robust=-2,fov=10-psf.fits.p
ng>
<images/SKA1W9-12A72B120_8h60s_dec-30_800MHz_1ch-briggs,robust=-2,fov=10-psf.fi
ts.png, id=258, 722.7pt x 722.7pt>
File: images/SKA1W9-12A72B120_8h60s_dec-30_800MHz_1ch-briggs,robust=-2,fov=10-p
sf.fits.png Graphic file (type png)

<use images/SKA1W9-12A72B120_8h60s_dec-30_800MHz_1ch-briggs,robust=-2,fov=10-ps
f.fits.png>
<images/SKA1W9-0A72B120_8h60s_dec-30_800MHz_1ch-briggs,robust=-2,fov=10-psf.fit
s.png, id=259, 722.7pt x 722.7pt>
File: images/SKA1W9-0A72B120_8h60s_dec-30_800MHz_1ch-briggs,robust=-2,fov=10-ps
f.fits.png Graphic file (type png)

<use images/SKA1W9-0A72B120_8h60s_dec-30_800MHz_1ch-briggs,robust=-2,fov=10-psf
.fits.png>
<images/SKASUR_8h60s_dec-30_800MHz_1ch-briggs,robust=-2,fov=10-psf.fits.png, id
=260, 722.7pt x 722.7pt>
File: images/SKASUR_8h60s_dec-30_800MHz_1ch-briggs,robust=-2,fov=10-psf.fits.pn
g Graphic file (type png)

<use images/SKASUR_8h60s_dec-30_800MHz_1ch-briggs,robust=-2,fov=10-psf.fits.png
>
<images/SKA1REF2_8h60s_dec-30_800MHz_1ch-briggs,robust=-2,fov=10,taper=1-psf.fi
ts.png, id=261, 722.7pt x 722.7pt>
File: images/SKA1REF2_8h60s_dec-30_800MHz_1ch-briggs,robust=-2,fov=10,taper=1-p
sf.fits.png Graphic file (type png)

<use images/SKA1REF2_8h60s_dec-30_800MHz_1ch-briggs,robust=-2,fov=10,taper=1-ps
f.fits.png>
<images/SKA1W9-12A72B120_8h60s_dec-30_800MHz_1ch-briggs,robust=-2,fov=10,taper=
1-psf.fits.png, id=262, 722.7pt x 722.7pt>
File: images/SKA1W9-12A72B120_8h60s_dec-30_800MHz_1ch-briggs,robust=-2,fov=10,t
aper=1-psf.fits.png Graphic file (type png)

<use images/SKA1W9-12A72B120_8h60s_dec-30_800MHz_1ch-briggs,robust=-2,fov=10,ta
per=1-psf.fits.png>
<images/SKA1W9-0A72B120_8h60s_dec-30_800MHz_1ch-briggs,robust=-2,fov=10,taper=1
-psf.fits.png, id=263, 722.7pt x 722.7pt>
File: images/SKA1W9-0A72B120_8h60s_dec-30_800MHz_1ch-briggs,robust=-2,fov=10,ta
per=1-psf.fits.png Graphic file (type png)

<use images/SKA1W9-0A72B120_8h60s_dec-30_800MHz_1ch-briggs,robust=-2,fov=10,tap
er=1-psf.fits.png>
<images/SKASUR_8h60s_dec-30_800MHz_1ch-briggs,robust=-2,fov=10,taper=1-psf.fits
.png, id=264, 722.7pt x 722.7pt>
File: images/SKASUR_8h60s_dec-30_800MHz_1ch-briggs,robust=-2,fov=10,taper=1-psf
.fits.png Graphic file (type png)

<use images/SKASUR_8h60s_dec-30_800MHz_1ch-briggs,robust=-2,fov=10,taper=1-psf.
fits.png>) (./dec-30_1000.tex
<images/SKA1REF2_8h60s_dec-30_1000MHz_1ch-natural-psf.fits.png, id=265, 722.7pt
 x 722.7pt>
File: images/SKA1REF2_8h60s_dec-30_1000MHz_1ch-natural-psf.fits.png Graphic fil
e (type png)

<use images/SKA1REF2_8h60s_dec-30_1000MHz_1ch-natural-psf.fits.png>
<images/SKA1W9-12A72B120_8h60s_dec-30_1000MHz_1ch-natural-psf.fits.png, id=266,
 722.7pt x 722.7pt>
File: images/SKA1W9-12A72B120_8h60s_dec-30_1000MHz_1ch-natural-psf.fits.png Gra
phic file (type png)

<use images/SKA1W9-12A72B120_8h60s_dec-30_1000MHz_1ch-natural-psf.fits.png>
<images/SKA1W9-0A72B120_8h60s_dec-30_1000MHz_1ch-natural-psf.fits.png, id=267, 
722.7pt x 722.7pt>
File: images/SKA1W9-0A72B120_8h60s_dec-30_1000MHz_1ch-natural-psf.fits.png Grap
hic file (type png)

<use images/SKA1W9-0A72B120_8h60s_dec-30_1000MHz_1ch-natural-psf.fits.png>
<images/SKASUR_8h60s_dec-30_1000MHz_1ch-natural-psf.fits.png, id=268, 722.7pt x
 722.7pt>
File: images/SKASUR_8h60s_dec-30_1000MHz_1ch-natural-psf.fits.png Graphic file 
(type png)
 <use images/SKASUR_8h60s_dec-30_1000MHz_1ch-natural-psf.fits.png>
<images/SKA1REF2_8h60s_dec-30_1000MHz_1ch-briggs,robust=-2,fov=10-psf.fits.png,
 id=269, 722.7pt x 722.7pt>
File: images/SKA1REF2_8h60s_dec-30_1000MHz_1ch-briggs,robust=-2,fov=10-psf.fits
.png Graphic file (type png)

<use images/SKA1REF2_8h60s_dec-30_1000MHz_1ch-briggs,robust=-2,fov=10-psf.fits.
png>
<images/SKA1W9-12A72B120_8h60s_dec-30_1000MHz_1ch-briggs,robust=-2,fov=10-psf.f
its.png, id=270, 722.7pt x 722.7pt>
File: images/SKA1W9-12A72B120_8h60s_dec-30_1000MHz_1ch-briggs,robust=-2,fov=10-
psf.fits.png Graphic file (type png)

<use images/SKA1W9-12A72B120_8h60s_dec-30_1000MHz_1ch-briggs,robust=-2,fov=10-p
sf.fits.png>
<images/SKA1W9-0A72B120_8h60s_dec-30_1000MHz_1ch-briggs,robust=-2,fov=10-psf.fi
ts.png, id=271, 722.7pt x 722.7pt>
File: images/SKA1W9-0A72B120_8h60s_dec-30_1000MHz_1ch-briggs,robust=-2,fov=10-p
sf.fits.png Graphic file (type png)

<use images/SKA1W9-0A72B120_8h60s_dec-30_1000MHz_1ch-briggs,robust=-2,fov=10-ps
f.fits.png>
<images/SKASUR_8h60s_dec-30_1000MHz_1ch-briggs,robust=-2,fov=10-psf.fits.png, i
d=272, 722.7pt x 722.7pt>
File: images/SKASUR_8h60s_dec-30_1000MHz_1ch-briggs,robust=-2,fov=10-psf.fits.p
ng Graphic file (type png)

<use images/SKASUR_8h60s_dec-30_1000MHz_1ch-briggs,robust=-2,fov=10-psf.fits.pn
g>
<images/SKA1REF2_8h60s_dec-30_1000MHz_1ch-briggs,robust=-2,fov=10,taper=1-psf.f
its.png, id=273, 722.7pt x 722.7pt>
File: images/SKA1REF2_8h60s_dec-30_1000MHz_1ch-briggs,robust=-2,fov=10,taper=1-
psf.fits.png Graphic file (type png)

<use images/SKA1REF2_8h60s_dec-30_1000MHz_1ch-briggs,robust=-2,fov=10,taper=1-p
sf.fits.png>
<images/SKA1W9-12A72B120_8h60s_dec-30_1000MHz_1ch-briggs,robust=-2,fov=10,taper
=1-psf.fits.png, id=274, 722.7pt x 722.7pt>
File: images/SKA1W9-12A72B120_8h60s_dec-30_1000MHz_1ch-briggs,robust=-2,fov=10,
taper=1-psf.fits.png Graphic file (type png)

<use images/SKA1W9-12A72B120_8h60s_dec-30_1000MHz_1ch-briggs,robust=-2,fov=10,t
aper=1-psf.fits.png>
<images/SKA1W9-0A72B120_8h60s_dec-30_1000MHz_1ch-briggs,robust=-2,fov=10,taper=
1-psf.fits.png, id=275, 722.7pt x 722.7pt>
File: images/SKA1W9-0A72B120_8h60s_dec-30_1000MHz_1ch-briggs,robust=-2,fov=10,t
aper=1-psf.fits.png Graphic file (type png)

<use images/SKA1W9-0A72B120_8h60s_dec-30_1000MHz_1ch-briggs,robust=-2,fov=10,ta
per=1-psf.fits.png>
<images/SKASUR_8h60s_dec-30_1000MHz_1ch-briggs,robust=-2,fov=10,taper=1-psf.fit
s.png, id=276, 722.7pt x 722.7pt>
File: images/SKASUR_8h60s_dec-30_1000MHz_1ch-briggs,robust=-2,fov=10,taper=1-ps
f.fits.png Graphic file (type png)

<use images/SKASUR_8h60s_dec-30_1000MHz_1ch-briggs,robust=-2,fov=10,taper=1-psf
.fits.png>) [11 <./images/SKA1REF2_8h60s_dec-30_650MHz_1ch-natural-psf.fits.png
> <./images/SKA1W9-12A72B120_8h60s_dec-30_650MHz_1ch-natural-psf.fits.png> <./i
mages/SKA1W9-0A72B120_8h60s_dec-30_650MHz_1ch-natural-psf.fits.png> <./images/S
KASUR_8h60s_dec-30_650MHz_1ch-natural-psf.fits.png> <./images/SKA1REF2_8h60s_de
c-30_650MHz_1ch-briggs,robust=-2,fov=10-psf.fits.png> <./images/SKA1W9-12A72B12
0_8h60s_dec-30_650MHz_1ch-briggs,robust=-2,fov=10-psf.fits.png> <./images/SKA1W
9-0A72B120_8h60s_dec-30_650MHz_1ch-briggs,robust=-2,fov=10-psf.fits.png> <./ima
ges/SKASUR_8h60s_dec-30_650MHz_1ch-briggs,robust=-2,fov=10-psf.fits.png> <./ima
ges/SKA1REF2_8h60s_dec-30_650MHz_1ch-briggs,robust=-2,fov=10,taper=1-psf.fits.p
ng> <./images/SKA1W9-12A72B120_8h60s_dec-30_650MHz_1ch-briggs,robust=-2,fov=10,
taper=1-psf.fits.png> <./images/SKA1W9-0A72B120_8h60s_dec-30_650MHz_1ch-briggs,
robust=-2,fov=10,taper=1-psf.fits.png> <./images/SKASUR_8h60s_dec-30_650MHz_1ch
-briggs,robust=-2,fov=10,taper=1-psf.fits.png>] [12 <./images/SKA1REF2_8h60s_de
c-30_800MHz_1ch-natural-psf.fits.png> <./images/SKA1W9-12A72B120_8h60s_dec-30_8
00MHz_1ch-natural-psf.fits.png> <./images/SKA1W9-0A72B120_8h60s_dec-30_800MHz_1
ch-natural-psf.fits.png> <./images/SKASUR_8h60s_dec-30_800MHz_1ch-natural-psf.f
its.png> <./images/SKA1REF2_8h60s_dec-30_800MHz_1ch-briggs,robust=-2,fov=10-psf
.fits.png> <./images/SKA1W9-12A72B120_8h60s_dec-30_800MHz_1ch-briggs,robust=-2,
fov=10-psf.fits.png> <./images/SKA1W9-0A72B120_8h60s_dec-30_800MHz_1ch-briggs,r
obust=-2,fov=10-psf.fits.png> <./images/SKASUR_8h60s_dec-30_800MHz_1ch-briggs,r
obust=-2,fov=10-psf.fits.png> <./images/SKA1REF2_8h60s_dec-30_800MHz_1ch-briggs
,robust=-2,fov=10,taper=1-psf.fits.png> <./images/SKA1W9-12A72B120_8h60s_dec-30
_800MHz_1ch-briggs,robust=-2,fov=10,taper=1-psf.fits.png> <./images/SKA1W9-0A72
B120_8h60s_dec-30_800MHz_1ch-briggs,robust=-2,fov=10,taper=1-psf.fits.png> <./i
mages/SKASUR_8h60s_dec-30_800MHz_1ch-briggs,robust=-2,fov=10,taper=1-psf.fits.p
ng>] (./psf_mean-astrobio.tex) (./psf_sym-astrobio.tex)
(./noise2500-astrobio.tex) (./snr10-astrobio.tex) (./snravg-astrobio.tex)
(./hours-astrobio.tex) [13 <./images/SKA1REF2_8h60s_dec-30_1000MHz_1ch-natural-
psf.fits.png> <./images/SKA1W9-12A72B120_8h60s_dec-30_1000MHz_1ch-natural-psf.f
its.png> <./images/SKA1W9-0A72B120_8h60s_dec-30_1000MHz_1ch-natural-psf.fits.pn
g> <./images/SKASUR_8h60s_dec-30_1000MHz_1ch-natural-psf.fits.png> <./images/SK
A1REF2_8h60s_dec-30_1000MHz_1ch-briggs,robust=-2,fov=10-psf.fits.png> <./images
/SKA1W9-12A72B120_8h60s_dec-30_1000MHz_1ch-briggs,robust=-2,fov=10-psf.fits.png
> <./images/SKA1W9-0A72B120_8h60s_dec-30_1000MHz_1ch-briggs,robust=-2,fov=10-ps
f.fits.png> <./images/SKASUR_8h60s_dec-30_1000MHz_1ch-briggs,robust=-2,fov=10-p
sf.fits.png> <./images/SKA1REF2_8h60s_dec-30_1000MHz_1ch-briggs,robust=-2,fov=1
0,taper=1-psf.fits.png> <./images/SKA1W9-12A72B120_8h60s_dec-30_1000MHz_1ch-bri
ggs,robust=-2,fov=10,taper=1-psf.fits.png> <./images/SKA1W9-0A72B120_8h60s_dec-
30_1000MHz_1ch-briggs,robust=-2,fov=10,taper=1-psf.fits.png> <./images/SKASUR_8
h60s_dec-30_1000MHz_1ch-briggs,robust=-2,fov=10,taper=1-psf.fits.png>] [14]
(./band1.aux) ) 
Here is how much of TeX's memory you used:
 9015 strings out of 493848
 146662 string characters out of 1152823
 463898 words of memory out of 3000000
 11899 multiletter control sequences out of 15000+50000
 21201 words of font info for 81 fonts, out of 3000000 for 9000
 714 hyphenation exceptions out of 8191
 41i,13n,47p,779b,467s stack positions out of 5000i,500n,10000p,200000b,50000s
</usr/share/texmf-texlive/fonts/type1/public/amsfonts/cm/cmbx10.
pfb></usr/share/texmf-texlive/fonts/type1/public/amsfonts/cm/cmbx12.pfb></usr/s
hare/texmf-texlive/fonts/type1/public/amsfonts/cm/cmbx5.pfb></usr/share/texmf-t
exlive/fonts/type1/public/amsfonts/cm/cmbx9.pfb></usr/share/texmf-texlive/fonts
/type1/public/amsfonts/cm/cmcsc10.pfb></usr/share/texmf-texlive/fonts/type1/pub
lic/amsfonts/cm/cmex10.pfb></usr/share/texmf-texlive/fonts/type1/public/amsfont
s/cm/cmmi10.pfb></usr/share/texmf-texlive/fonts/type1/public/amsfonts/cm/cmmi7.
pfb></usr/share/texmf-texlive/fonts/type1/public/amsfonts/cm/cmmi8.pfb></usr/sh
are/texmf-texlive/fonts/type1/public/amsfonts/cm/cmmi9.pfb></usr/share/texmf-te
xlive/fonts/type1/public/amsfonts/cm/cmr10.pfb></usr/share/texmf-texlive/fonts/
type1/public/amsfonts/cm/cmr12.pfb></usr/share/texmf-texlive/fonts/type1/public
/amsfonts/cm/cmr17.pfb></usr/share/texmf-texlive/fonts/type1/public/amsfonts/cm
/cmr5.pfb></usr/share/texmf-texlive/fonts/type1/public/amsfonts/cm/cmr6.pfb></u
sr/share/texmf-texlive/fonts/type1/public/amsfonts/cm/cmr7.pfb></usr/share/texm
f-texlive/fonts/type1/public/amsfonts/cm/cmr8.pfb></usr/share/texmf-texlive/fon
ts/type1/public/amsfonts/cm/cmr9.pfb></usr/share/texmf-texlive/fonts/type1/publ
ic/amsfonts/cm/cmsy10.pfb></usr/share/texmf-texlive/fonts/type1/public/amsfonts
/cm/cmsy7.pfb></usr/share/texmf-texlive/fonts/type1/public/amsfonts/cm/cmti10.p
fb></usr/share/texmf-texlive/fonts/type1/public/amsfonts/cm/cmti8.pfb></usr/sha
re/texmf-texlive/fonts/type1/public/amsfonts/cm/cmtt10.pfb>
Output written on band1.pdf (14 pages, 3945055 bytes).
PDF statistics:
 471 PDF objects out of 1000 (max. 8388607)
 90 named destinations out of 1000 (max. 500000)
 429 words of extra memory for PDF output out of 10000 (max. 10000000)

